<?xml version="1.0" encoding="UTF-8"?>
<testng-results ignored="0" total="1" passed="1" failed="0" skipped="0">
  <reporter-output>
    <line>
      <![CDATA[Database is connected]]>
    </line>
    <line>
      <![CDATA[Logout successfull]]>
    </line>
    <line>
      <![CDATA[Browser is closed]]>
    </line>
    <line>
      <![CDATA[Database connection is closed]]>
    </line>
  </reporter-output>
  <suite started-at="2023-05-11T14:28:07 IST" name="Default suite" finished-at="2023-05-11T14:28:46 IST" duration-ms="38570">
    <groups>
    </groups>
    <test started-at="2023-05-11T14:28:07 IST" name="Default test" finished-at="2023-05-11T14:28:46 IST" duration-ms="38570">
      <class name="com.Actitime.Testscript.Task">
        <test-method is-config="true" signature="databaseConnection()[pri:0, instance:com.Actitime.Testscript.Task@1da2cb77]" started-at="2023-05-11T14:28:07 IST" name="databaseConnection" finished-at="2023-05-11T14:28:07 IST" duration-ms="16" status="PASS">
          <reporter-output>
            <line>
              <![CDATA[Database is connected]]>
            </line>
          </reporter-output>
        </test-method> <!-- databaseConnection -->
        <test-method is-config="true" signature="launchBrowser()[pri:0, instance:com.Actitime.Testscript.Task@1da2cb77]" started-at="2023-05-11T14:28:07 IST" name="launchBrowser" finished-at="2023-05-11T14:28:12 IST" duration-ms="5182" status="PASS">
          <reporter-output>
          </reporter-output>
        </test-method> <!-- launchBrowser -->
        <test-method is-config="true" signature="login()[pri:0, instance:com.Actitime.Testscript.Task@1da2cb77]" started-at="2023-05-11T14:28:12 IST" name="login" finished-at="2023-05-11T14:28:23 IST" duration-ms="10551" status="PASS">
          <reporter-output>
          </reporter-output>
        </test-method> <!-- login -->
        <test-method signature="creatCustomer()[pri:0, instance:com.Actitime.Testscript.Task@1da2cb77]" started-at="2023-05-11T14:28:23 IST" name="creatCustomer" finished-at="2023-05-11T14:28:45 IST" duration-ms="22324" status="PASS">
          <reporter-output>
          </reporter-output>
        </test-method> <!-- creatCustomer -->
        <test-method is-config="true" signature="logOut()[pri:0, instance:com.Actitime.Testscript.Task@1da2cb77]" started-at="2023-05-11T14:28:45 IST" name="logOut" finished-at="2023-05-11T14:28:45 IST" duration-ms="5" status="PASS">
          <reporter-output>
            <line>
              <![CDATA[Logout successfull]]>
            </line>
          </reporter-output>
        </test-method> <!-- logOut -->
        <test-method is-config="true" signature="closeBrowser()[pri:0, instance:com.Actitime.Testscript.Task@1da2cb77]" started-at="2023-05-11T14:28:45 IST" name="closeBrowser" finished-at="2023-05-11T14:28:46 IST" duration-ms="414" status="PASS">
          <reporter-output>
            <line>
              <![CDATA[Browser is closed]]>
            </line>
          </reporter-output>
        </test-method> <!-- closeBrowser -->
        <test-method is-config="true" signature="databasedisconnect()[pri:0, instance:com.Actitime.Testscript.Task@1da2cb77]" started-at="2023-05-11T14:28:46 IST" name="databasedisconnect" finished-at="2023-05-11T14:28:46 IST" duration-ms="1" status="PASS">
          <reporter-output>
            <line>
              <![CDATA[Database connection is closed]]>
            </line>
          </reporter-output>
        </test-method> <!-- databasedisconnect -->
      </class> <!-- com.Actitime.Testscript.Task -->
    </test> <!-- Default test -->
  </suite> <!-- Default suite -->
</testng-results>
